Runs experiment 0 and saves data to 'data/D20.01.23_T11.08.33__exp_0__shots_50000/':

    Generating and saving noise models' metadata.
    Metadata processing time = 0.47 seconds.

    Circuit 0:
        Exporting circuit 0 data into 'data/D20.01.23_T11.08.33__exp_0__shots_50000/circuit_0__num_qubits_12__depth_10/circuit_properties/'.
        Circuit data exporting time = 1.78 seconds.

        Simulating circuit 0 with noise model 0.
        Saving data to circuit_0__num_qubits_12__depth_10__noise_model_ideal__nonzero_rate_0.12.json.
        Circuit simulation execution time = 0.21 seconds.

        Simulating circuit 0 with noise model 1.
        Saving data to circuit_0__num_qubits_12__depth_10__noise_model_basic_depolarization_model__nonzero_rate_0.56.json.
        Circuit simulation execution time = 10.01 seconds.

        Simulating circuit 0 with noise model 2.
        Saving data to circuit_0__num_qubits_12__depth_10__noise_model_fake_kolkata_model__nonzero_rate_0.64.json.
        Circuit simulation execution time = 7.71 seconds.

    Circuit 1:
        Exporting circuit 1 data into 'data/D20.01.23_T11.08.33__exp_0__shots_50000/circuit_1__num_qubits_12__depth_12/circuit_properties/'.
        Circuit data exporting time = 1.57 seconds.

        Simulating circuit 1 with noise model 0.
        Saving data to circuit_1__num_qubits_12__depth_12__noise_model_ideal__nonzero_rate_0.03.json.
        Circuit simulation execution time = 0.19 seconds.

        Simulating circuit 1 with noise model 1.
        Saving data to circuit_1__num_qubits_12__depth_12__noise_model_basic_depolarization_model__nonzero_rate_0.49.json.
        Circuit simulation execution time = 14.64 seconds.

        Simulating circuit 1 with noise model 2.
        Saving data to circuit_1__num_qubits_12__depth_12__noise_model_fake_kolkata_model__nonzero_rate_0.42.json.
        Circuit simulation execution time = 11.13 seconds.

    Circuit 2:
        Exporting circuit 2 data into 'data/D20.01.23_T11.08.33__exp_0__shots_50000/circuit_2__num_qubits_12__depth_14/circuit_properties/'.
        Circuit data exporting time = 3.16 seconds.

        Simulating circuit 2 with noise model 0.
        Saving data to circuit_2__num_qubits_12__depth_14__noise_model_ideal__nonzero_rate_0.25.json.
        Circuit simulation execution time = 0.38 seconds.

        Simulating circuit 2 with noise model 1.
        Saving data to circuit_2__num_qubits_12__depth_14__noise_model_basic_depolarization_model__nonzero_rate_0.84.json.
        Circuit simulation execution time = 16.75 seconds.

        Simulating circuit 2 with noise model 2.
        Saving data to circuit_2__num_qubits_12__depth_14__noise_model_fake_kolkata_model__nonzero_rate_0.93.json.
        Circuit simulation execution time = 12.64 seconds.

    Circuit 3:
        Exporting circuit 3 data into 'data/D20.01.23_T11.08.33__exp_0__shots_50000/circuit_3__num_qubits_14__depth_10/circuit_properties/'.
        Circuit data exporting time = 1.7 seconds.

        Simulating circuit 3 with noise model 0.
        Saving data to circuit_3__num_qubits_14__depth_10__noise_model_ideal__nonzero_rate_0.03.json.
        Circuit simulation execution time = 0.29 seconds.

        Simulating circuit 3 with noise model 1.
        Saving data to circuit_3__num_qubits_14__depth_10__noise_model_basic_depolarization_model__nonzero_rate_0.33.json.
        Circuit simulation execution time = 272.31 seconds.

        Simulating circuit 3 with noise model 2.
        Saving data to circuit_3__num_qubits_14__depth_10__noise_model_fake_kolkata_model__nonzero_rate_0.25.json.
        Circuit simulation execution time = 177.7 seconds.

    Circuit 4:
        Exporting circuit 4 data into 'data/D20.01.23_T11.08.33__exp_0__shots_50000/circuit_4__num_qubits_14__depth_12/circuit_properties/'.
        Circuit data exporting time = 2.59 seconds.

        Simulating circuit 4 with noise model 0.
        Saving data to circuit_4__num_qubits_14__depth_12__noise_model_ideal__nonzero_rate_0.06.json.
        Circuit simulation execution time = 0.32 seconds.

        Simulating circuit 4 with noise model 1.
        Saving data to circuit_4__num_qubits_14__depth_12__noise_model_basic_depolarization_model__nonzero_rate_0.4.json.
        Circuit simulation execution time = 288.97 seconds.

        Simulating circuit 4 with noise model 2.
        Saving data to circuit_4__num_qubits_14__depth_12__noise_model_fake_kolkata_model__nonzero_rate_0.34.json.
        Circuit simulation execution time = 188.66 seconds.

    Circuit 5:
        Exporting circuit 5 data into 'data/D20.01.23_T11.08.33__exp_0__shots_50000/circuit_5__num_qubits_14__depth_14/circuit_properties/'.
        Circuit data exporting time = 2.77 seconds.

        Simulating circuit 5 with noise model 0.
        Saving data to circuit_5__num_qubits_14__depth_14__noise_model_ideal__nonzero_rate_0.5.json.
        Circuit simulation execution time = 0.32 seconds.

        Simulating circuit 5 with noise model 1.
        Saving data to circuit_5__num_qubits_14__depth_14__noise_model_basic_depolarization_model__nonzero_rate_0.63.json.
        Circuit simulation execution time = 309.59 seconds.

        Simulating circuit 5 with noise model 2.
        Saving data to circuit_5__num_qubits_14__depth_14__noise_model_fake_kolkata_model__nonzero_rate_0.68.json.
        Circuit simulation execution time = 230.16 seconds.

    Circuit 6:
        Exporting circuit 6 data into 'data/D20.01.23_T11.08.33__exp_0__shots_50000/circuit_6__num_qubits_16__depth_10/circuit_properties/'.
        Circuit data exporting time = 8.06 seconds.

        Simulating circuit 6 with noise model 0.
        Saving data to circuit_6__num_qubits_16__depth_10__noise_model_ideal__nonzero_rate_0.01.json.
        Circuit simulation execution time = 1.12 seconds.

        Simulating circuit 6 with noise model 1.
        Saving data to circuit_6__num_qubits_16__depth_10__noise_model_basic_depolarization_model__nonzero_rate_0.1.json.
        Circuit simulation execution time = 1361.66 seconds.

        Simulating circuit 6 with noise model 2.
        Saving data to circuit_6__num_qubits_16__depth_10__noise_model_fake_kolkata_model__nonzero_rate_0.08.json.
        Circuit simulation execution time = 1540.57 seconds.

    Circuit 7:
        Exporting circuit 7 data into 'data/D20.01.23_T11.08.33__exp_0__shots_50000/circuit_7__num_qubits_16__depth_12/circuit_properties/'.
        Circuit data exporting time = 2.63 seconds.

        Simulating circuit 7 with noise model 0.
        Saving data to circuit_7__num_qubits_16__depth_12__noise_model_ideal__nonzero_rate_0.12.json.
        Circuit simulation execution time = 0.8 seconds.

        Simulating circuit 7 with noise model 1.
        Saving data to circuit_7__num_qubits_16__depth_12__noise_model_basic_depolarization_model__nonzero_rate_0.2.json.
        Circuit simulation execution time = 1465.63 seconds.

        Simulating circuit 7 with noise model 2.
        Saving data to circuit_7__num_qubits_16__depth_12__noise_model_fake_kolkata_model__nonzero_rate_0.2.json.
        Circuit simulation execution time = 1842.11 seconds.

    Circuit 8:
        Exporting circuit 8 data into 'data/D20.01.23_T11.08.33__exp_0__shots_50000/circuit_8__num_qubits_16__depth_14/circuit_properties/'.
        Circuit data exporting time = 2.35 seconds.

        Simulating circuit 8 with noise model 0.
        Saving data to circuit_8__num_qubits_16__depth_14__noise_model_ideal__nonzero_rate_0.39.json.
        Circuit simulation execution time = 0.53 seconds.

        Simulating circuit 8 with noise model 1.
        Saving data to circuit_8__num_qubits_16__depth_14__noise_model_basic_depolarization_model__nonzero_rate_0.42.json.
        Circuit simulation execution time = 1695.65 seconds.

        Simulating circuit 8 with noise model 2.
        Saving data to circuit_8__num_qubits_16__depth_14__noise_model_fake_kolkata_model__nonzero_rate_0.42.json.
        Circuit simulation execution time = 2056.18 seconds.